<?xml version="1.0" encoding="UTF-8"?>
<!-- Generated by org.testng.reporters.JUnitReportReporter -->
<testsuite hostname="DESKTOP-JREOI09" failures="0" tests="2" name="com.paractice.mymaven.RESTAPITest" time="0.000" errors="0" timestamp="2021-06-17T16:01:58 IST" skipped="0">
  <testcase classname="com.paractice.mymaven.RESTAPITest" name="postJira" time="0.000"/>
  <system-out/>
  <testcase classname="com.paractice.mymaven.RESTAPITest" name="deleteTwitter" time="0.000"/>
  <system-out/>
</testsuite> <!-- com.paractice.mymaven.RESTAPITest -->
