<?xml version="1.0" encoding="UTF-8"?>
<!-- Generated by org.testng.reporters.JUnitReportReporter -->
<testsuite hostname="DESKTOP-JREOI09" failures="0" tests="2" name="com.paractice.mymaven.AppiumTest" time="0.016" errors="0" timestamp="2021-06-17T16:01:58 IST" skipped="0">
  <testcase classname="com.paractice.mymaven.AppiumTest" name="IOSapps" time="0.016"/>
  <system-out/>
  <testcase classname="com.paractice.mymaven.AppiumTest" name="NativeAppAndroid" time="0.000"/>
  <system-out/>
</testsuite> <!-- com.paractice.mymaven.AppiumTest -->
