<?xml version="1.0" encoding="UTF-8"?>
<!-- Generated by org.testng.reporters.JUnitReportReporter -->
<testsuite hostname="DESKTOP-JREOI09" failures="0" tests="2" name="com.paractice.mymaven.SeleniumTest" time="0.001" errors="0" timestamp="2021-06-17T16:01:23 IST" skipped="0">
  <testcase classname="com.paractice.mymaven.SeleniumTest" name="browserAutomation" time="0.000"/>
  <system-out/>
  <testcase classname="com.paractice.mymaven.SeleniumTest" name="elementUI" time="0.001"/>
  <system-out/>
</testsuite> <!-- com.paractice.mymaven.SeleniumTest -->
